[02:50:58] [ServerMain/INFO]: [bootstrap] Running Java 21 (OpenJDK 64-Bit Server VM 21.0.5+11-Ubuntu-1ubuntu120.04; Ubuntu null) on Linux 6.5.0-1025-azure (amd64)
[02:50:58] [ServerMain/INFO]: [bootstrap] Loading Paper 1.21-130-master@b1b5d4c (2024-08-10T10:02:42Z) for Minecraft 1.21
[02:50:58] [ServerMain/INFO]: [PluginInitializerManager] Initializing plugins...
[02:50:58] [ServerMain/INFO]: [PluginInitializerManager] Initialized 0 plugins
[02:51:02] [ServerMain/INFO]: Environment: Environment[sessionHost=https://sessionserver.mojang.com, servicesHost=https://api.minecraftservices.com, name=PROD]
[02:51:02] [ServerMain/INFO]: Found new data pack file/bukkit, loading it automatically
[02:51:02] [ServerMain/INFO]: Found new data pack paper, loading it automatically
[02:51:03] [ServerMain/INFO]: No existing world data, creating new world
[02:51:04] [ServerMain/INFO]: Loaded 1290 recipes
[02:51:04] [ServerMain/INFO]: Loaded 1399 advancements
[02:51:04] [Server thread/INFO]: Starting minecraft server version 1.21
[02:51:04] [Server thread/INFO]: Loading properties
[02:51:04] [Server thread/INFO]: This server is running Paper version 1.21-130-master@b1b5d4c (2024-08-10T10:02:42Z) (Implementing API version 1.21-R0.1-SNAPSHOT)
[02:51:05] [Server thread/INFO]: [spark] This server bundles the spark profiler. For more information please visit https://docs.papermc.io/paper/profiling
[02:51:05] [Server thread/INFO]: Server Ping Player Sample Count: 12
[02:51:05] [Server thread/INFO]: Using 4 threads for Netty based IO
[02:51:05] [Server thread/INFO]: [ChunkTaskScheduler] Chunk system is using 1 I/O threads, 1 worker threads, and population gen parallelism of 1 threads
[02:51:06] [Server thread/INFO]: Default game type: SURVIVAL
[02:51:06] [Server thread/INFO]: Generating keypair
[02:51:06] [Server thread/INFO]: Starting Minecraft server on *:25565
[02:51:06] [Server thread/INFO]: Using epoll channel type
[02:51:06] [Server thread/INFO]: Paper: Using libdeflate (Linux x86_64) compression from Velocity.
[02:51:06] [Server thread/INFO]: Paper: Using OpenSSL 1.1.x (Linux x86_64) cipher from Velocity.
[02:51:06] [Server thread/INFO]: Server permissions file permissions.yml is empty, ignoring it
[02:51:06] [Server thread/WARN]: **** SERVER IS RUNNING IN OFFLINE/INSECURE MODE!
[02:51:06] [Server thread/WARN]: The server will make no attempt to authenticate usernames. Beware.
[02:51:06] [Server thread/WARN]: While this makes the game possible to play without internet access, it also opens up the ability for hackers to connect with any username they choose.
[02:51:06] [Server thread/WARN]: To change this, set "online-mode" to "true" in the server.properties file.
[02:51:06] [Server thread/INFO]: Preparing level "world"
[02:51:20] [Server thread/INFO]: Preparing start region for dimension minecraft:overworld
[02:51:26] [Server thread/INFO]: Time elapsed: 6609 ms
[02:51:26] [Server thread/INFO]: Preparing start region for dimension minecraft:the_nether
[02:51:28] [Server thread/INFO]: Time elapsed: 1854 ms
[02:51:28] [Server thread/INFO]: Preparing start region for dimension minecraft:the_end
[02:51:29] [Server thread/INFO]: Time elapsed: 562 ms
[02:51:29] [Server thread/INFO]: [spark] Starting background profiler...
[02:51:29] [Server thread/INFO]: Done preparing level "world" (23.467s)
[02:51:29] [Server thread/INFO]: Running delayed init tasks
[02:51:29] [Server thread/INFO]: Done (32.375s)! For help, type "help"
[02:51:29] [Server thread/INFO]: Timings Reset
[02:53:35] [User Authenticator #0/INFO]: UUID of player CrisZmc is 32a021c6-762e-32da-b6cf-3e95fae50d7b
[02:53:37] [Server thread/INFO]: CrisZmc joined the game
[02:53:37] [Server thread/INFO]: CrisZmc[/[0:0:0:0:0:0:0:1%0]:59586] logged in with entity id 58 at ([world]6.5, 69.0, -2.5)
[02:55:11] [Server thread/INFO]: CrisZmc lost connection: Timed out
[02:55:11] [Server thread/INFO]: CrisZmc left the game
